examples/arith.cl: 6: 0  "class"
examples/arith.cl: 6: 6  Type<A>
examples/arith.cl: 6: 8  "{"
examples/arith.cl: 8: 3  Id<var>
examples/arith.cl: 8: 7  ":"
examples/arith.cl: 8: 9  Type<Int>
examples/arith.cl: 8:13  "<-"
examples/arith.cl: 8:16  Int<0>
examples/arith.cl: 8:17  ";"
examples/arith.cl:10: 3  Id<value>
examples/arith.cl:10: 8  "("
examples/arith.cl:10: 9  ")"
examples/arith.cl:10:11  ":"
examples/arith.cl:10:13  Type<Int>
examples/arith.cl:10:17  "{"
examples/arith.cl:10:19  Id<var>
examples/arith.cl:10:23  "}"
examples/arith.cl:10:24  ";"
examples/arith.cl:12: 3  Id<set_var>
examples/arith.cl:12:10  "("
examples/arith.cl:12:11  Id<num>
examples/arith.cl:12:15  ":"
examples/arith.cl:12:17  Type<Int>
examples/arith.cl:12:20  ")"
examples/arith.cl:12:22  ":"
examples/arith.cl:12:24  Type<SELF_TYPE>
examples/arith.cl:12:34  "{"
examples/arith.cl:13: 6  "{"
examples/arith.cl:14: 9  Id<var>
examples/arith.cl:14:13  "<-"
examples/arith.cl:14:16  Id<num>
examples/arith.cl:14:19  ";"
examples/arith.cl:15: 9  Id<self>
examples/arith.cl:15:13  ";"
examples/arith.cl:16: 6  "}"
examples/arith.cl:17: 3  "}"
examples/arith.cl:17: 4  ";"
examples/arith.cl:19: 3  Id<method1>
examples/arith.cl:19:10  "("
examples/arith.cl:19:11  Id<num>
examples/arith.cl:19:15  ":"
examples/arith.cl:19:17  Type<Int>
examples/arith.cl:19:20  ")"
examples/arith.cl:19:22  ":"
examples/arith.cl:19:24  Type<SELF_TYPE>
examples/arith.cl:19:34  "{"
examples/arith.cl:20: 6  Id<self>
examples/arith.cl:21: 3  "}"
examples/arith.cl:21: 4  ";"
examples/arith.cl:23: 3  Id<method2>
examples/arith.cl:23:10  "("
examples/arith.cl:23:11  Id<num1>
examples/arith.cl:23:16  ":"
examples/arith.cl:23:18  Type<Int>
examples/arith.cl:23:21  ","
examples/arith.cl:23:23  Id<num2>
examples/arith.cl:23:28  ":"
examples/arith.cl:23:30  Type<Int>
examples/arith.cl:23:33  ")"
examples/arith.cl:23:35  ":"
examples/arith.cl:23:37  Type<B>
examples/arith.cl:23:39  "{"
examples/arith.cl:24: 6  "("
examples/arith.cl:24: 7  "let"
examples/arith.cl:24:11  Id<x>
examples/arith.cl:24:13  ":"
examples/arith.cl:24:15  Type<Int>
examples/arith.cl:24:19  "in"
examples/arith.cl:25: 2  "{"
examples/arith.cl:26:12  Id<x>
examples/arith.cl:26:14  "<-"
examples/arith.cl:26:17  Id<num1>
examples/arith.cl:26:22  "+"
examples/arith.cl:26:24  Id<num2>
examples/arith.cl:26:28  ";"
examples/arith.cl:27: 5  "("
examples/arith.cl:27: 6  "new"
examples/arith.cl:27:10  Type<B>
examples/arith.cl:27:11  ")"
examples/arith.cl:27:12  "."
examples/arith.cl:27:13  Id<set_var>
examples/arith.cl:27:20  "("
examples/arith.cl:27:21  Id<x>
examples/arith.cl:27:22  ")"
examples/arith.cl:27:23  ";"
examples/arith.cl:28: 2  "}"
examples/arith.cl:29: 6  ")"
examples/arith.cl:30: 3  "}"
examples/arith.cl:30: 4  ";"
examples/arith.cl:32: 3  Id<method3>
examples/arith.cl:32:10  "("
examples/arith.cl:32:11  Id<num>
examples/arith.cl:32:15  ":"
examples/arith.cl:32:17  Type<Int>
examples/arith.cl:32:20  ")"
examples/arith.cl:32:22  ":"
examples/arith.cl:32:24  Type<C>
examples/arith.cl:32:26  "{"
examples/arith.cl:33: 6  "("
examples/arith.cl:33: 7  "let"
examples/arith.cl:33:11  Id<x>
examples/arith.cl:33:13  ":"
examples/arith.cl:33:15  Type<Int>
examples/arith.cl:33:19  "in"
examples/arith.cl:34: 2  "{"
examples/arith.cl:35:12  Id<x>
examples/arith.cl:35:14  "<-"
examples/arith.cl:35:17  "~"
examples/arith.cl:35:18  Id<num>
examples/arith.cl:35:21  ";"
examples/arith.cl:36: 5  "("
examples/arith.cl:36: 6  "new"
examples/arith.cl:36:10  Type<C>
examples/arith.cl:36:11  ")"
examples/arith.cl:36:12  "."
examples/arith.cl:36:13  Id<set_var>
examples/arith.cl:36:20  "("
examples/arith.cl:36:21  Id<x>
examples/arith.cl:36:22  ")"
examples/arith.cl:36:23  ";"
examples/arith.cl:37: 2  "}"
examples/arith.cl:38: 6  ")"
examples/arith.cl:39: 3  "}"
examples/arith.cl:39: 4  ";"
examples/arith.cl:41: 3  Id<method4>
examples/arith.cl:41:10  "("
examples/arith.cl:41:11  Id<num1>
examples/arith.cl:41:16  ":"
examples/arith.cl:41:18  Type<Int>
examples/arith.cl:41:21  ","
examples/arith.cl:41:23  Id<num2>
examples/arith.cl:41:28  ":"
examples/arith.cl:41:30  Type<Int>
examples/arith.cl:41:33  ")"
examples/arith.cl:41:35  ":"
examples/arith.cl:41:37  Type<D>
examples/arith.cl:41:39  "{"
examples/arith.cl:42:12  "if"
examples/arith.cl:42:15  Id<num2>
examples/arith.cl:42:20  "<"
examples/arith.cl:42:22  Id<num1>
examples/arith.cl:42:27  "then"
examples/arith.cl:43:15  "("
examples/arith.cl:43:16  "let"
examples/arith.cl:43:20  Id<x>
examples/arith.cl:43:22  ":"
examples/arith.cl:43:24  Type<Int>
examples/arith.cl:43:28  "in"
examples/arith.cl:44: 4  "{"
examples/arith.cl:45:21  Id<x>
examples/arith.cl:45:23  "<-"
examples/arith.cl:45:26  Id<num1>
examples/arith.cl:45:31  "-"
examples/arith.cl:45:33  Id<num2>
examples/arith.cl:45:37  ";"
examples/arith.cl:46:14  "("
examples/arith.cl:46:15  "new"
examples/arith.cl:46:19  Type<D>
examples/arith.cl:46:20  ")"
examples/arith.cl:46:21  "."
examples/arith.cl:46:22  Id<set_var>
examples/arith.cl:46:29  "("
examples/arith.cl:46:30  Id<x>
examples/arith.cl:46:31  ")"
examples/arith.cl:46:32  ";"
examples/arith.cl:47:11  "}"
examples/arith.cl:48:15  ")"
examples/arith.cl:49:12  "else"
examples/arith.cl:50:15  "("
examples/arith.cl:50:16  "let"
examples/arith.cl:50:20  Id<x>
examples/arith.cl:50:22  ":"
examples/arith.cl:50:24  Type<Int>
examples/arith.cl:50:28  "in"
examples/arith.cl:51: 4  "{"
examples/arith.cl:52:14  Id<x>
examples/arith.cl:52:16  "<-"
examples/arith.cl:52:19  Id<num2>
examples/arith.cl:52:24  "-"
examples/arith.cl:52:26  Id<num1>
examples/arith.cl:52:30  ";"
examples/arith.cl:53:14  "("
examples/arith.cl:53:15  "new"
examples/arith.cl:53:19  Type<D>
examples/arith.cl:53:20  ")"
examples/arith.cl:53:21  "."
examples/arith.cl:53:22  Id<set_var>
examples/arith.cl:53:29  "("
examples/arith.cl:53:30  Id<x>
examples/arith.cl:53:31  ")"
examples/arith.cl:53:32  ";"
examples/arith.cl:54: 4  "}"
examples/arith.cl:55:15  ")"
examples/arith.cl:56:12  "fi"
examples/arith.cl:57: 3  "}"
examples/arith.cl:57: 4  ";"
examples/arith.cl:59: 3  Id<method5>
examples/arith.cl:59:10  "("
examples/arith.cl:59:11  Id<num>
examples/arith.cl:59:15  ":"
examples/arith.cl:59:17  Type<Int>
examples/arith.cl:59:20  ")"
examples/arith.cl:59:22  ":"
examples/arith.cl:59:24  Type<E>
examples/arith.cl:59:26  "{"
examples/arith.cl:60: 6  "("
examples/arith.cl:60: 7  "let"
examples/arith.cl:60:11  Id<x>
examples/arith.cl:60:13  ":"
examples/arith.cl:60:15  Type<Int>
examples/arith.cl:60:19  "<-"
examples/arith.cl:60:22  Int<1>
examples/arith.cl:60:24  "in"
examples/arith.cl:61: 2  "{"
examples/arith.cl:62: 5  "("
examples/arith.cl:62: 6  "let"
examples/arith.cl:62:10  Id<y>
examples/arith.cl:62:12  ":"
examples/arith.cl:62:14  Type<Int>
examples/arith.cl:62:18  "<-"
examples/arith.cl:62:21  Int<1>
examples/arith.cl:62:23  "in"
examples/arith.cl:63: 8  "while"
examples/arith.cl:63:14  Id<y>
examples/arith.cl:63:16  "<="
examples/arith.cl:63:19  Id<num>
examples/arith.cl:63:23  "loop"
examples/arith.cl:64:11  "{"
examples/arith.cl:65:21  Id<x>
examples/arith.cl:65:23  "<-"
examples/arith.cl:65:26  Id<x>
examples/arith.cl:65:28  "*"
examples/arith.cl:65:30  Id<y>
examples/arith.cl:65:31  ";"
examples/arith.cl:66:14  Id<y>
examples/arith.cl:66:16  "<-"
examples/arith.cl:66:19  Id<y>
examples/arith.cl:66:21  "+"
examples/arith.cl:66:23  Int<1>
examples/arith.cl:66:24  ";"
examples/arith.cl:67:11  "}"
examples/arith.cl:68: 8  "pool"
examples/arith.cl:69: 5  ")"
examples/arith.cl:69: 6  ";"
examples/arith.cl:70: 5  "("
examples/arith.cl:70: 6  "new"
examples/arith.cl:70:10  Type<E>
examples/arith.cl:70:11  ")"
examples/arith.cl:70:12  "."
examples/arith.cl:70:13  Id<set_var>
examples/arith.cl:70:20  "("
examples/arith.cl:70:21  Id<x>
examples/arith.cl:70:22  ")"
examples/arith.cl:70:23  ";"
examples/arith.cl:71: 2  "}"
examples/arith.cl:72: 6  ")"
examples/arith.cl:73: 3  "}"
examples/arith.cl:73: 4  ";"
examples/arith.cl:75: 0  "}"
examples/arith.cl:75: 1  ";"
examples/arith.cl:77: 0  "class"
examples/arith.cl:77: 6  Type<B>
examples/arith.cl:77: 8  "inherits"
examples/arith.cl:77:17  Type<A>
examples/arith.cl:77:19  "{"
examples/arith.cl:79: 3  Id<method5>
examples/arith.cl:79:10  "("
examples/arith.cl:79:11  Id<num>
examples/arith.cl:79:15  ":"
examples/arith.cl:79:17  Type<Int>
examples/arith.cl:79:20  ")"
examples/arith.cl:79:22  ":"
examples/arith.cl:79:24  Type<E>
examples/arith.cl:79:26  "{"
examples/arith.cl:80: 6  "("
examples/arith.cl:80: 7  "let"
examples/arith.cl:80:11  Id<x>
examples/arith.cl:80:13  ":"
examples/arith.cl:80:15  Type<Int>
examples/arith.cl:80:19  "in"
examples/arith.cl:81: 2  "{"
examples/arith.cl:82:12  Id<x>
examples/arith.cl:82:14  "<-"
examples/arith.cl:82:17  Id<num>
examples/arith.cl:82:21  "*"
examples/arith.cl:82:23  Id<num>
examples/arith.cl:82:26  ";"
examples/arith.cl:83: 5  "("
examples/arith.cl:83: 6  "new"
examples/arith.cl:83:10  Type<E>
examples/arith.cl:83:11  ")"
examples/arith.cl:83:12  "."
examples/arith.cl:83:13  Id<set_var>
examples/arith.cl:83:20  "("
examples/arith.cl:83:21  Id<x>
examples/arith.cl:83:22  ")"
examples/arith.cl:83:23  ";"
examples/arith.cl:84: 2  "}"
examples/arith.cl:85: 6  ")"
examples/arith.cl:86: 3  "}"
examples/arith.cl:86: 4  ";"
examples/arith.cl:88: 0  "}"
examples/arith.cl:88: 1  ";"
examples/arith.cl:90: 0  "class"
examples/arith.cl:90: 6  Type<C>
examples/arith.cl:90: 8  "inherits"
examples/arith.cl:90:17  Type<B>
examples/arith.cl:90:19  "{"
examples/arith.cl:92: 3  Id<method6>
examples/arith.cl:92:10  "("
examples/arith.cl:92:11  Id<num>
examples/arith.cl:92:15  ":"
examples/arith.cl:92:17  Type<Int>
examples/arith.cl:92:20  ")"
examples/arith.cl:92:22  ":"
examples/arith.cl:92:24  Type<A>
examples/arith.cl:92:26  "{"
examples/arith.cl:93: 6  "("
examples/arith.cl:93: 7  "let"
examples/arith.cl:93:11  Id<x>
examples/arith.cl:93:13  ":"
examples/arith.cl:93:15  Type<Int>
examples/arith.cl:93:19  "in"
examples/arith.cl:94: 9  "{"
examples/arith.cl:95:12  Id<x>
examples/arith.cl:95:14  "<-"
examples/arith.cl:95:17  "~"
examples/arith.cl:95:18  Id<num>
examples/arith.cl:95:21  ";"
examples/arith.cl:96: 5  "("
examples/arith.cl:96: 6  "new"
examples/arith.cl:96:10  Type<A>
examples/arith.cl:96:11  ")"
examples/arith.cl:96:12  "."
examples/arith.cl:96:13  Id<set_var>
examples/arith.cl:96:20  "("
examples/arith.cl:96:21  Id<x>
examples/arith.cl:96:22  ")"
examples/arith.cl:96:23  ";"
examples/arith.cl:97: 9  "}"
examples/arith.cl:98: 6  ")"
examples/arith.cl:99: 3  "}"
examples/arith.cl:99: 4  ";"
examples/arith.cl:101: 3  Id<method5>
examples/arith.cl:101:10  "("
examples/arith.cl:101:11  Id<num>
examples/arith.cl:101:15  ":"
examples/arith.cl:101:17  Type<Int>
examples/arith.cl:101:20  ")"
examples/arith.cl:101:22  ":"
examples/arith.cl:101:24  Type<E>
examples/arith.cl:101:26  "{"
examples/arith.cl:102: 6  "("
examples/arith.cl:102: 7  "let"
examples/arith.cl:102:11  Id<x>
examples/arith.cl:102:13  ":"
examples/arith.cl:102:15  Type<Int>
examples/arith.cl:102:19  "in"
examples/arith.cl:103: 2  "{"
examples/arith.cl:104:12  Id<x>
examples/arith.cl:104:14  "<-"
examples/arith.cl:104:17  Id<num>
examples/arith.cl:104:21  "*"
examples/arith.cl:104:23  Id<num>
examples/arith.cl:104:27  "*"
examples/arith.cl:104:29  Id<num>
examples/arith.cl:104:32  ";"
examples/arith.cl:105: 5  "("
examples/arith.cl:105: 6  "new"
examples/arith.cl:105:10  Type<E>
examples/arith.cl:105:11  ")"
examples/arith.cl:105:12  "."
examples/arith.cl:105:13  Id<set_var>
examples/arith.cl:105:20  "("
examples/arith.cl:105:21  Id<x>
examples/arith.cl:105:22  ")"
examples/arith.cl:105:23  ";"
examples/arith.cl:106: 2  "}"
examples/arith.cl:107: 6  ")"
examples/arith.cl:108: 3  "}"
examples/arith.cl:108: 4  ";"
examples/arith.cl:110: 0  "}"
examples/arith.cl:110: 1  ";"
examples/arith.cl:112: 0  "class"
examples/arith.cl:112: 6  Type<D>
examples/arith.cl:112: 8  "inherits"
examples/arith.cl:112:17  Type<B>
examples/arith.cl:112:19  "{"
examples/arith.cl:114: 3  Id<method7>
examples/arith.cl:114:10  "("
examples/arith.cl:114:11  Id<num>
examples/arith.cl:114:15  ":"
examples/arith.cl:114:17  Type<Int>
examples/arith.cl:114:20  ")"
examples/arith.cl:114:22  ":"
examples/arith.cl:114:24  Type<Bool>
examples/arith.cl:114:29  "{"
examples/arith.cl:115: 6  "("
examples/arith.cl:115: 7  "let"
examples/arith.cl:115:11  Id<x>
examples/arith.cl:115:13  ":"
examples/arith.cl:115:15  Type<Int>
examples/arith.cl:115:19  "<-"
examples/arith.cl:115:22  Id<num>
examples/arith.cl:115:26  "in"
examples/arith.cl:116:12  "if"
examples/arith.cl:116:15  Id<x>
examples/arith.cl:116:17  "<"
examples/arith.cl:116:19  Int<0>
examples/arith.cl:116:21  "then"
examples/arith.cl:116:26  Id<method7>
examples/arith.cl:116:33  "("
examples/arith.cl:116:34  "~"
examples/arith.cl:116:35  Id<x>
examples/arith.cl:116:36  ")"
examples/arith.cl:116:38  "else"
examples/arith.cl:117:12  "if"
examples/arith.cl:117:15  Int<0>
examples/arith.cl:117:17  "="
examples/arith.cl:117:19  Id<x>
examples/arith.cl:117:21  "then"
examples/arith.cl:117:26  Boolean<True>
examples/arith.cl:117:31  "else"
examples/arith.cl:118:12  "if"
examples/arith.cl:118:15  Int<1>
examples/arith.cl:118:17  "="
examples/arith.cl:118:19  Id<x>
examples/arith.cl:118:21  "then"
examples/arith.cl:118:26  Boolean<False>
examples/arith.cl:118:32  "else"
examples/arith.cl:119: 5  "if"
examples/arith.cl:119: 8  Int<2>
examples/arith.cl:119:10  "="
examples/arith.cl:119:12  Id<x>
examples/arith.cl:119:14  "then"
examples/arith.cl:119:19  Boolean<False>
examples/arith.cl:119:25  "else"
examples/arith.cl:120: 8  Id<method7>
examples/arith.cl:120:15  "("
examples/arith.cl:120:16  Id<x>
examples/arith.cl:120:18  "-"
examples/arith.cl:120:20  Int<3>
examples/arith.cl:120:21  ")"
examples/arith.cl:121: 5  "fi"
examples/arith.cl:121: 8  "fi"
examples/arith.cl:121:11  "fi"
examples/arith.cl:121:14  "fi"
examples/arith.cl:122: 6  ")"
examples/arith.cl:123: 3  "}"
examples/arith.cl:123: 4  ";"
examples/arith.cl:125: 0  "}"
examples/arith.cl:125: 1  ";"
examples/arith.cl:127: 0  "class"
examples/arith.cl:127: 6  Type<E>
examples/arith.cl:127: 8  "inherits"
examples/arith.cl:127:17  Type<D>
examples/arith.cl:127:19  "{"
examples/arith.cl:129: 3  Id<method6>
examples/arith.cl:129:10  "("
examples/arith.cl:129:11  Id<num>
examples/arith.cl:129:15  ":"
examples/arith.cl:129:17  Type<Int>
examples/arith.cl:129:20  ")"
examples/arith.cl:129:22  ":"
examples/arith.cl:129:24  Type<A>
examples/arith.cl:129:26  "{"
examples/arith.cl:130: 6  "("
examples/arith.cl:130: 7  "let"
examples/arith.cl:130:11  Id<x>
examples/arith.cl:130:13  ":"
examples/arith.cl:130:15  Type<Int>
examples/arith.cl:130:19  "in"
examples/arith.cl:131: 9  "{"
examples/arith.cl:132:12  Id<x>
examples/arith.cl:132:14  "<-"
examples/arith.cl:132:17  Id<num>
examples/arith.cl:132:21  "/"
examples/arith.cl:132:23  Int<8>
examples/arith.cl:132:24  ";"
examples/arith.cl:133: 5  "("
examples/arith.cl:133: 6  "new"
examples/arith.cl:133:10  Type<A>
examples/arith.cl:133:11  ")"
examples/arith.cl:133:12  "."
examples/arith.cl:133:13  Id<set_var>
examples/arith.cl:133:20  "("
examples/arith.cl:133:21  Id<x>
examples/arith.cl:133:22  ")"
examples/arith.cl:133:23  ";"
examples/arith.cl:134: 9  "}"
examples/arith.cl:135: 6  ")"
examples/arith.cl:136: 3  "}"
examples/arith.cl:136: 4  ";"
examples/arith.cl:138: 0  "}"
examples/arith.cl:138: 1  ";"
examples/arith.cl:154: 0  "class"
examples/arith.cl:154: 6  Type<A2I>
examples/arith.cl:154:10  "{"
examples/arith.cl:156: 5  Id<c2i>
examples/arith.cl:156: 8  "("
examples/arith.cl:156: 9  Id<char>
examples/arith.cl:156:14  ":"
examples/arith.cl:156:16  Type<String>
examples/arith.cl:156:22  ")"
examples/arith.cl:156:24  ":"
examples/arith.cl:156:26  Type<Int>
examples/arith.cl:156:30  "{"
examples/arith.cl:157: 1  "if"
examples/arith.cl:157: 4  Id<char>
examples/arith.cl:157: 9  "="
examples/arith.cl:157:13  String<0>
examples/arith.cl:157:15  "then"
examples/arith.cl:157:20  Int<0>
examples/arith.cl:157:22  "else"
examples/arith.cl:158: 1  "if"
examples/arith.cl:158: 4  Id<char>
examples/arith.cl:158: 9  "="
examples/arith.cl:158:13  String<1>
examples/arith.cl:158:15  "then"
examples/arith.cl:158:20  Int<1>
examples/arith.cl:158:22  "else"
examples/arith.cl:159: 1  "if"
examples/arith.cl:159: 4  Id<char>
examples/arith.cl:159: 9  "="
examples/arith.cl:159:13  String<2>
examples/arith.cl:159:15  "then"
examples/arith.cl:159:20  Int<2>
examples/arith.cl:159:22  "else"
examples/arith.cl:160: 8  "if"
examples/arith.cl:160:11  Id<char>
examples/arith.cl:160:16  "="
examples/arith.cl:160:20  String<3>
examples/arith.cl:160:22  "then"
examples/arith.cl:160:27  Int<3>
examples/arith.cl:160:29  "else"
examples/arith.cl:161: 8  "if"
examples/arith.cl:161:11  Id<char>
examples/arith.cl:161:16  "="
examples/arith.cl:161:20  String<4>
examples/arith.cl:161:22  "then"
examples/arith.cl:161:27  Int<4>
examples/arith.cl:161:29  "else"
examples/arith.cl:162: 8  "if"
examples/arith.cl:162:11  Id<char>
examples/arith.cl:162:16  "="
examples/arith.cl:162:20  String<5>
examples/arith.cl:162:22  "then"
examples/arith.cl:162:27  Int<5>
examples/arith.cl:162:29  "else"
examples/arith.cl:163: 8  "if"
examples/arith.cl:163:11  Id<char>
examples/arith.cl:163:16  "="
examples/arith.cl:163:20  String<6>
examples/arith.cl:163:22  "then"
examples/arith.cl:163:27  Int<6>
examples/arith.cl:163:29  "else"
examples/arith.cl:164: 8  "if"
examples/arith.cl:164:11  Id<char>
examples/arith.cl:164:16  "="
examples/arith.cl:164:20  String<7>
examples/arith.cl:164:22  "then"
examples/arith.cl:164:27  Int<7>
examples/arith.cl:164:29  "else"
examples/arith.cl:165: 8  "if"
examples/arith.cl:165:11  Id<char>
examples/arith.cl:165:16  "="
examples/arith.cl:165:20  String<8>
examples/arith.cl:165:22  "then"
examples/arith.cl:165:27  Int<8>
examples/arith.cl:165:29  "else"
examples/arith.cl:166: 8  "if"
examples/arith.cl:166:11  Id<char>
examples/arith.cl:166:16  "="
examples/arith.cl:166:20  String<9>
examples/arith.cl:166:22  "then"
examples/arith.cl:166:27  Int<9>
examples/arith.cl:166:29  "else"
examples/arith.cl:167: 8  "{"
examples/arith.cl:167:10  Id<abort>
examples/arith.cl:167:15  "("
examples/arith.cl:167:16  ")"
examples/arith.cl:167:17  ";"
examples/arith.cl:167:19  Int<0>
examples/arith.cl:167:20  ";"
examples/arith.cl:167:22  "}"
examples/arith.cl:169: 8  "fi"
examples/arith.cl:169:11  "fi"
examples/arith.cl:169:14  "fi"
examples/arith.cl:169:17  "fi"
examples/arith.cl:169:20  "fi"
examples/arith.cl:169:23  "fi"
examples/arith.cl:169:26  "fi"
examples/arith.cl:169:29  "fi"
examples/arith.cl:169:32  "fi"
examples/arith.cl:169:35  "fi"
examples/arith.cl:170: 5  "}"
examples/arith.cl:170: 6  ";"
examples/arith.cl:175: 5  Id<i2c>
examples/arith.cl:175: 8  "("
examples/arith.cl:175: 9  Id<i>
examples/arith.cl:175:11  ":"
examples/arith.cl:175:13  Type<Int>
examples/arith.cl:175:16  ")"
examples/arith.cl:175:18  ":"
examples/arith.cl:175:20  Type<String>
examples/arith.cl:175:27  "{"
examples/arith.cl:176: 1  "if"
examples/arith.cl:176: 4  Id<i>
examples/arith.cl:176: 6  "="
examples/arith.cl:176: 8  Int<0>
examples/arith.cl:176:10  "then"
examples/arith.cl:176:17  String<0>
examples/arith.cl:176:19  "else"
examples/arith.cl:177: 1  "if"
examples/arith.cl:177: 4  Id<i>
examples/arith.cl:177: 6  "="
examples/arith.cl:177: 8  Int<1>
examples/arith.cl:177:10  "then"
examples/arith.cl:177:17  String<1>
examples/arith.cl:177:19  "else"
examples/arith.cl:178: 1  "if"
examples/arith.cl:178: 4  Id<i>
examples/arith.cl:178: 6  "="
examples/arith.cl:178: 8  Int<2>
examples/arith.cl:178:10  "then"
examples/arith.cl:178:17  String<2>
examples/arith.cl:178:19  "else"
examples/arith.cl:179: 1  "if"
examples/arith.cl:179: 4  Id<i>
examples/arith.cl:179: 6  "="
examples/arith.cl:179: 8  Int<3>
examples/arith.cl:179:10  "then"
examples/arith.cl:179:17  String<3>
examples/arith.cl:179:19  "else"
examples/arith.cl:180: 1  "if"
examples/arith.cl:180: 4  Id<i>
examples/arith.cl:180: 6  "="
examples/arith.cl:180: 8  Int<4>
examples/arith.cl:180:10  "then"
examples/arith.cl:180:17  String<4>
examples/arith.cl:180:19  "else"
examples/arith.cl:181: 1  "if"
examples/arith.cl:181: 4  Id<i>
examples/arith.cl:181: 6  "="
examples/arith.cl:181: 8  Int<5>
examples/arith.cl:181:10  "then"
examples/arith.cl:181:17  String<5>
examples/arith.cl:181:19  "else"
examples/arith.cl:182: 1  "if"
examples/arith.cl:182: 4  Id<i>
examples/arith.cl:182: 6  "="
examples/arith.cl:182: 8  Int<6>
examples/arith.cl:182:10  "then"
examples/arith.cl:182:17  String<6>
examples/arith.cl:182:19  "else"
examples/arith.cl:183: 1  "if"
examples/arith.cl:183: 4  Id<i>
examples/arith.cl:183: 6  "="
examples/arith.cl:183: 8  Int<7>
examples/arith.cl:183:10  "then"
examples/arith.cl:183:17  String<7>
examples/arith.cl:183:19  "else"
examples/arith.cl:184: 1  "if"
examples/arith.cl:184: 4  Id<i>
examples/arith.cl:184: 6  "="
examples/arith.cl:184: 8  Int<8>
examples/arith.cl:184:10  "then"
examples/arith.cl:184:17  String<8>
examples/arith.cl:184:19  "else"
examples/arith.cl:185: 1  "if"
examples/arith.cl:185: 4  Id<i>
examples/arith.cl:185: 6  "="
examples/arith.cl:185: 8  Int<9>
examples/arith.cl:185:10  "then"
examples/arith.cl:185:17  String<9>
examples/arith.cl:185:19  "else"
examples/arith.cl:186: 1  "{"
examples/arith.cl:186: 3  Id<abort>
examples/arith.cl:186: 8  "("
examples/arith.cl:186: 9  ")"
examples/arith.cl:186:10  ";"
examples/arith.cl:186:13  String<>
examples/arith.cl:186:14  ";"
examples/arith.cl:186:16  "}"
examples/arith.cl:187: 8  "fi"
examples/arith.cl:187:11  "fi"
examples/arith.cl:187:14  "fi"
examples/arith.cl:187:17  "fi"
examples/arith.cl:187:20  "fi"
examples/arith.cl:187:23  "fi"
examples/arith.cl:187:26  "fi"
examples/arith.cl:187:29  "fi"
examples/arith.cl:187:32  "fi"
examples/arith.cl:187:35  "fi"
examples/arith.cl:188: 5  "}"
examples/arith.cl:188: 6  ";"
examples/arith.cl:198: 5  Id<a2i>
examples/arith.cl:198: 8  "("
examples/arith.cl:198: 9  Id<s>
examples/arith.cl:198:11  ":"
examples/arith.cl:198:13  Type<String>
examples/arith.cl:198:19  ")"
examples/arith.cl:198:21  ":"
examples/arith.cl:198:23  Type<Int>
examples/arith.cl:198:27  "{"
examples/arith.cl:199: 8  "if"
examples/arith.cl:199:11  Id<s>
examples/arith.cl:199:12  "."
examples/arith.cl:199:13  Id<length>
examples/arith.cl:199:19  "("
examples/arith.cl:199:20  ")"
examples/arith.cl:199:22  "="
examples/arith.cl:199:24  Int<0>
examples/arith.cl:199:26  "then"
examples/arith.cl:199:31  Int<0>
examples/arith.cl:199:33  "else"
examples/arith.cl:200: 1  "if"
examples/arith.cl:200: 4  Id<s>
examples/arith.cl:200: 5  "."
examples/arith.cl:200: 6  Id<substr>
examples/arith.cl:200:12  "("
examples/arith.cl:200:13  Int<0>
examples/arith.cl:200:14  ","
examples/arith.cl:200:15  Int<1>
examples/arith.cl:200:16  ")"
examples/arith.cl:200:18  "="
examples/arith.cl:200:22  String<->
examples/arith.cl:200:24  "then"
examples/arith.cl:200:29  "~"
examples/arith.cl:200:30  Id<a2i_aux>
examples/arith.cl:200:37  "("
examples/arith.cl:200:38  Id<s>
examples/arith.cl:200:39  "."
examples/arith.cl:200:40  Id<substr>
examples/arith.cl:200:46  "("
examples/arith.cl:200:47  Int<1>
examples/arith.cl:200:48  ","
examples/arith.cl:200:49  Id<s>
examples/arith.cl:200:50  "."
examples/arith.cl:200:51  Id<length>
examples/arith.cl:200:57  "("
examples/arith.cl:200:58  ")"
examples/arith.cl:200:59  "-"
examples/arith.cl:200:60  Int<1>
examples/arith.cl:200:61  ")"
examples/arith.cl:200:62  ")"
examples/arith.cl:200:64  "else"
examples/arith.cl:201: 8  "if"
examples/arith.cl:201:11  Id<s>
examples/arith.cl:201:12  "."
examples/arith.cl:201:13  Id<substr>
examples/arith.cl:201:19  "("
examples/arith.cl:201:20  Int<0>
examples/arith.cl:201:21  ","
examples/arith.cl:201:22  Int<1>
examples/arith.cl:201:23  ")"
examples/arith.cl:201:25  "="
examples/arith.cl:201:29  String<+>
examples/arith.cl:201:31  "then"
examples/arith.cl:201:36  Id<a2i_aux>
examples/arith.cl:201:43  "("
examples/arith.cl:201:44  Id<s>
examples/arith.cl:201:45  "."
examples/arith.cl:201:46  Id<substr>
examples/arith.cl:201:52  "("
examples/arith.cl:201:53  Int<1>
examples/arith.cl:201:54  ","
examples/arith.cl:201:55  Id<s>
examples/arith.cl:201:56  "."
examples/arith.cl:201:57  Id<length>
examples/arith.cl:201:63  "("
examples/arith.cl:201:64  ")"
examples/arith.cl:201:65  "-"
examples/arith.cl:201:66  Int<1>
examples/arith.cl:201:67  ")"
examples/arith.cl:201:68  ")"
examples/arith.cl:201:70  "else"
examples/arith.cl:202:11  Id<a2i_aux>
examples/arith.cl:202:18  "("
examples/arith.cl:202:19  Id<s>
examples/arith.cl:202:20  ")"
examples/arith.cl:203: 8  "fi"
examples/arith.cl:203:11  "fi"
examples/arith.cl:203:14  "fi"
examples/arith.cl:204: 5  "}"
examples/arith.cl:204: 6  ";"
examples/arith.cl:210: 5  Id<a2i_aux>
examples/arith.cl:210:12  "("
examples/arith.cl:210:13  Id<s>
examples/arith.cl:210:15  ":"
examples/arith.cl:210:17  Type<String>
examples/arith.cl:210:23  ")"
examples/arith.cl:210:25  ":"
examples/arith.cl:210:27  Type<Int>
examples/arith.cl:210:31  "{"
examples/arith.cl:211: 1  "("
examples/arith.cl:211: 2  "let"
examples/arith.cl:211: 6  Id<int>
examples/arith.cl:211:10  ":"
examples/arith.cl:211:12  Type<Int>
examples/arith.cl:211:16  "<-"
examples/arith.cl:211:19  Int<0>
examples/arith.cl:211:21  "in"
examples/arith.cl:212:11  "{"
examples/arith.cl:213:15  "("
examples/arith.cl:213:16  "let"
examples/arith.cl:213:20  Id<j>
examples/arith.cl:213:22  ":"
examples/arith.cl:213:24  Type<Int>
examples/arith.cl:213:28  "<-"
examples/arith.cl:213:31  Id<s>
examples/arith.cl:213:32  "."
examples/arith.cl:213:33  Id<length>
examples/arith.cl:213:39  "("
examples/arith.cl:213:40  ")"
examples/arith.cl:213:42  "in"
examples/arith.cl:214:11  "("
examples/arith.cl:214:12  "let"
examples/arith.cl:214:16  Id<i>
examples/arith.cl:214:18  ":"
examples/arith.cl:214:20  Type<Int>
examples/arith.cl:214:24  "<-"
examples/arith.cl:214:27  Int<0>
examples/arith.cl:214:29  "in"
examples/arith.cl:215: 6  "while"
examples/arith.cl:215:12  Id<i>
examples/arith.cl:215:14  "<"
examples/arith.cl:215:16  Id<j>
examples/arith.cl:215:18  "loop"
examples/arith.cl:216: 3  "{"
examples/arith.cl:217: 7  Id<int>
examples/arith.cl:217:11  "<-"
examples/arith.cl:217:14  Id<int>
examples/arith.cl:217:18  "*"
examples/arith.cl:217:20  Int<10>
examples/arith.cl:217:23  "+"
examples/arith.cl:217:25  Id<c2i>
examples/arith.cl:217:28  "("
examples/arith.cl:217:29  Id<s>
examples/arith.cl:217:30  "."
examples/arith.cl:217:31  Id<substr>
examples/arith.cl:217:37  "("
examples/arith.cl:217:38  Id<i>
examples/arith.cl:217:39  ","
examples/arith.cl:217:40  Int<1>
examples/arith.cl:217:41  ")"
examples/arith.cl:217:42  ")"
examples/arith.cl:217:43  ";"
examples/arith.cl:218: 7  Id<i>
examples/arith.cl:218: 9  "<-"
examples/arith.cl:218:12  Id<i>
examples/arith.cl:218:14  "+"
examples/arith.cl:218:16  Int<1>
examples/arith.cl:218:17  ";"
examples/arith.cl:219: 3  "}"
examples/arith.cl:220: 6  "pool"
examples/arith.cl:221: 4  ")"
examples/arith.cl:222: 8  ")"
examples/arith.cl:222: 9  ";"
examples/arith.cl:223:14  Id<int>
examples/arith.cl:223:17  ";"
examples/arith.cl:224: 5  "}"
examples/arith.cl:225: 8  ")"
examples/arith.cl:226: 5  "}"
examples/arith.cl:226: 6  ";"
examples/arith.cl:231: 4  Id<i2a>
examples/arith.cl:231: 7  "("
examples/arith.cl:231: 8  Id<i>
examples/arith.cl:231:10  ":"
examples/arith.cl:231:12  Type<Int>
examples/arith.cl:231:15  ")"
examples/arith.cl:231:17  ":"
examples/arith.cl:231:19  Type<String>
examples/arith.cl:231:26  "{"
examples/arith.cl:232: 1  "if"
examples/arith.cl:232: 4  Id<i>
examples/arith.cl:232: 6  "="
examples/arith.cl:232: 8  Int<0>
examples/arith.cl:232:10  "then"
examples/arith.cl:232:17  String<0>
examples/arith.cl:232:19  "else"
examples/arith.cl:233: 8  "if"
examples/arith.cl:233:11  Int<0>
examples/arith.cl:233:13  "<"
examples/arith.cl:233:15  Id<i>
examples/arith.cl:233:17  "then"
examples/arith.cl:233:22  Id<i2a_aux>
examples/arith.cl:233:29  "("
examples/arith.cl:233:30  Id<i>
examples/arith.cl:233:31  ")"
examples/arith.cl:233:33  "else"
examples/arith.cl:234:12  String<->
examples/arith.cl:234:13  "."
examples/arith.cl:234:14  Id<concat>
examples/arith.cl:234:20  "("
examples/arith.cl:234:21  Id<i2a_aux>
examples/arith.cl:234:28  "("
examples/arith.cl:234:29  Id<i>
examples/arith.cl:234:31  "*"
examples/arith.cl:234:33  "~"
examples/arith.cl:234:34  Int<1>
examples/arith.cl:234:35  ")"
examples/arith.cl:234:36  ")"
examples/arith.cl:235: 8  "fi"
examples/arith.cl:235:11  "fi"
examples/arith.cl:236: 4  "}"
examples/arith.cl:236: 5  ";"
examples/arith.cl:240: 4  Id<i2a_aux>
examples/arith.cl:240:11  "("
examples/arith.cl:240:12  Id<i>
examples/arith.cl:240:14  ":"
examples/arith.cl:240:16  Type<Int>
examples/arith.cl:240:19  ")"
examples/arith.cl:240:21  ":"
examples/arith.cl:240:23  Type<String>
examples/arith.cl:240:30  "{"
examples/arith.cl:241: 8  "if"
examples/arith.cl:241:11  Id<i>
examples/arith.cl:241:13  "="
examples/arith.cl:241:15  Int<0>
examples/arith.cl:241:17  "then"
examples/arith.cl:241:23  String<>
examples/arith.cl:241:25  "else"
examples/arith.cl:242: 5  "("
examples/arith.cl:242: 6  "let"
examples/arith.cl:242:10  Id<next>
examples/arith.cl:242:15  ":"
examples/arith.cl:242:17  Type<Int>
examples/arith.cl:242:21  "<-"
examples/arith.cl:242:24  Id<i>
examples/arith.cl:242:26  "/"
examples/arith.cl:242:28  Int<10>
examples/arith.cl:242:31  "in"
examples/arith.cl:243: 2  Id<i2a_aux>
examples/arith.cl:243: 9  "("
examples/arith.cl:243:10  Id<next>
examples/arith.cl:243:14  ")"
examples/arith.cl:243:15  "."
examples/arith.cl:243:16  Id<concat>
examples/arith.cl:243:22  "("
examples/arith.cl:243:23  Id<i2c>
examples/arith.cl:243:26  "("
examples/arith.cl:243:27  Id<i>
examples/arith.cl:243:29  "-"
examples/arith.cl:243:31  Id<next>
examples/arith.cl:243:36  "*"
examples/arith.cl:243:38  Int<10>
examples/arith.cl:243:40  ")"
examples/arith.cl:243:41  ")"
examples/arith.cl:244: 5  ")"
examples/arith.cl:245: 8  "fi"
examples/arith.cl:246: 4  "}"
examples/arith.cl:246: 5  ";"
examples/arith.cl:248: 0  "}"
examples/arith.cl:248: 1  ";"
examples/arith.cl:250: 0  "class"
examples/arith.cl:250: 6  Type<Main>
examples/arith.cl:250:11  "inherits"
examples/arith.cl:250:20  Type<IO>
examples/arith.cl:250:23  "{"
examples/arith.cl:252: 3  Id<char>
examples/arith.cl:252: 8  ":"
examples/arith.cl:252:10  Type<String>
examples/arith.cl:252:16  ";"
examples/arith.cl:253: 3  Id<avar>
examples/arith.cl:253: 8  ":"
examples/arith.cl:253:10  Type<A>
examples/arith.cl:253:11  ";"
examples/arith.cl:254: 3  Id<a_var>
examples/arith.cl:254: 9  ":"
examples/arith.cl:254:11  Type<A>
examples/arith.cl:254:12  ";"
examples/arith.cl:255: 3  Id<flag>
examples/arith.cl:255: 8  ":"
examples/arith.cl:255:10  Type<Bool>
examples/arith.cl:255:15  "<-"
examples/arith.cl:255:18  Boolean<True>
examples/arith.cl:255:22  ";"
examples/arith.cl:258: 3  Id<menu>
examples/arith.cl:258: 7  "("
examples/arith.cl:258: 8  ")"
examples/arith.cl:258:10  ":"
examples/arith.cl:258:12  Type<String>
examples/arith.cl:258:19  "{"
examples/arith.cl:259: 6  "{"
examples/arith.cl:260: 9  Id<out_string>
examples/arith.cl:260:19  "("
examples/arith.cl:260:44  String<	To add a number to >
examples/arith.cl:260:45  ")"
examples/arith.cl:260:46  ";"
examples/arith.cl:261: 9  Id<print>
examples/arith.cl:261:14  "("
examples/arith.cl:261:15  Id<avar>
examples/arith.cl:261:19  ")"
examples/arith.cl:261:20  ";"
examples/arith.cl:262: 9  Id<out_string>
examples/arith.cl:262:19  "("
examples/arith.cl:262:34  String<...enter a:>
examples/arith.cl:262:35  ")"
examples/arith.cl:262:36  ";"
examples/arith.cl:263: 9  Id<out_string>
examples/arith.cl:263:19  "("
examples/arith.cl:263:33  String<	To negate >
examples/arith.cl:263:34  ")"
examples/arith.cl:263:35  ";"
examples/arith.cl:264: 9  Id<print>
examples/arith.cl:264:14  "("
examples/arith.cl:264:15  Id<avar>
examples/arith.cl:264:19  ")"
examples/arith.cl:264:20  ";"
examples/arith.cl:265: 9  Id<out_string>
examples/arith.cl:265:19  "("
examples/arith.cl:265:34  String<...enter b:>
examples/arith.cl:265:35  ")"
examples/arith.cl:265:36  ";"
examples/arith.cl:266: 9  Id<out_string>
examples/arith.cl:266:19  "("
examples/arith.cl:266:54  String<	To find the differe>
examples/arith.cl:266:55  ")"
examples/arith.cl:266:56  ";"
examples/arith.cl:267: 9  Id<print>
examples/arith.cl:267:14  "("
examples/arith.cl:267:15  Id<avar>
examples/arith.cl:267:19  ")"
examples/arith.cl:267:20  ";"
examples/arith.cl:268: 9  Id<out_string>
examples/arith.cl:268:19  "("
examples/arith.cl:268:52  String<and another number..>
examples/arith.cl:268:53  ")"
examples/arith.cl:268:54  ";"
examples/arith.cl:269: 9  Id<out_string>
examples/arith.cl:269:19  "("
examples/arith.cl:269:48  String<	To find the factori>
examples/arith.cl:269:49  ")"
examples/arith.cl:269:50  ";"
examples/arith.cl:270: 9  Id<print>
examples/arith.cl:270:14  "("
examples/arith.cl:270:15  Id<avar>
examples/arith.cl:270:19  ")"
examples/arith.cl:270:20  ";"
examples/arith.cl:271: 9  Id<out_string>
examples/arith.cl:271:19  "("
examples/arith.cl:271:34  String<...enter d:>
examples/arith.cl:271:35  ")"
examples/arith.cl:271:36  ";"
examples/arith.cl:272: 9  Id<out_string>
examples/arith.cl:272:19  "("
examples/arith.cl:272:33  String<	To square >
examples/arith.cl:272:34  ")"
examples/arith.cl:272:35  ";"
examples/arith.cl:273: 9  Id<print>
examples/arith.cl:273:14  "("
examples/arith.cl:273:15  Id<avar>
examples/arith.cl:273:19  ")"
examples/arith.cl:273:20  ";"
examples/arith.cl:274: 9  Id<out_string>
examples/arith.cl:274:19  "("
examples/arith.cl:274:34  String<...enter e:>
examples/arith.cl:274:35  ")"
examples/arith.cl:274:36  ";"
examples/arith.cl:275: 9  Id<out_string>
examples/arith.cl:275:19  "("
examples/arith.cl:275:31  String<	To cube >
examples/arith.cl:275:32  ")"
examples/arith.cl:275:33  ";"
examples/arith.cl:276: 9  Id<print>
examples/arith.cl:276:14  "("
examples/arith.cl:276:15  Id<avar>
examples/arith.cl:276:19  ")"
examples/arith.cl:276:20  ";"
examples/arith.cl:277: 9  Id<out_string>
examples/arith.cl:277:19  "("
examples/arith.cl:277:34  String<...enter f:>
examples/arith.cl:277:35  ")"
examples/arith.cl:277:36  ";"
examples/arith.cl:278: 9  Id<out_string>
examples/arith.cl:278:19  "("
examples/arith.cl:278:38  String<	To find out if >
examples/arith.cl:278:39  ")"
examples/arith.cl:278:40  ";"
examples/arith.cl:279: 9  Id<print>
examples/arith.cl:279:14  "("
examples/arith.cl:279:15  Id<avar>
examples/arith.cl:279:19  ")"
examples/arith.cl:279:20  ";"
examples/arith.cl:280: 9  Id<out_string>
examples/arith.cl:280:19  "("
examples/arith.cl:280:52  String<is a multiple of 3..>
examples/arith.cl:280:53  ")"
examples/arith.cl:280:54  ";"
examples/arith.cl:281: 9  Id<out_string>
examples/arith.cl:281:19  "("
examples/arith.cl:281:33  String<	To divide >
examples/arith.cl:281:34  ")"
examples/arith.cl:281:35  ";"
examples/arith.cl:282: 9  Id<print>
examples/arith.cl:282:14  "("
examples/arith.cl:282:15  Id<avar>
examples/arith.cl:282:19  ")"
examples/arith.cl:282:20  ";"
examples/arith.cl:283: 9  Id<out_string>
examples/arith.cl:283:19  "("
examples/arith.cl:283:38  String<by 8...enter h:>
examples/arith.cl:283:39  ")"
examples/arith.cl:283:40  ";"
examples/arith.cl:284: 2  Id<out_string>
examples/arith.cl:284:12  "("
examples/arith.cl:284:48  String<	To get a new number>
examples/arith.cl:284:49  ")"
examples/arith.cl:284:50  ";"
examples/arith.cl:285: 2  Id<out_string>
examples/arith.cl:285:12  "("
examples/arith.cl:285:38  String<	To quit...enter q:>
examples/arith.cl:285:39  ")"
examples/arith.cl:285:40  ";"
examples/arith.cl:286: 9  Id<in_string>
examples/arith.cl:286:18  "("
examples/arith.cl:286:19  ")"
examples/arith.cl:286:20  ";"
examples/arith.cl:287: 6  "}"
examples/arith.cl:288: 3  "}"
examples/arith.cl:288: 4  ";"
examples/arith.cl:290: 3  Id<prompt>
examples/arith.cl:290: 9  "("
examples/arith.cl:290:10  ")"
examples/arith.cl:290:12  ":"
examples/arith.cl:290:14  Type<String>
examples/arith.cl:290:21  "{"
examples/arith.cl:291: 6  "{"
examples/arith.cl:292: 9  Id<out_string>
examples/arith.cl:292:19  "("
examples/arith.cl:292:23  String<>
examples/arith.cl:292:24  ")"
examples/arith.cl:292:25  ";"
examples/arith.cl:293: 9  Id<out_string>
examples/arith.cl:293:19  "("
examples/arith.cl:293:47  String<Please enter a numbe>
examples/arith.cl:293:48  ")"
examples/arith.cl:293:49  ";"
examples/arith.cl:294: 9  Id<in_string>
examples/arith.cl:294:18  "("
examples/arith.cl:294:19  ")"
examples/arith.cl:294:20  ";"
examples/arith.cl:295: 6  "}"
examples/arith.cl:296: 3  "}"
examples/arith.cl:296: 4  ";"
examples/arith.cl:298: 3  Id<get_int>
examples/arith.cl:298:10  "("
examples/arith.cl:298:11  ")"
examples/arith.cl:298:13  ":"
examples/arith.cl:298:15  Type<Int>
examples/arith.cl:298:19  "{"
examples/arith.cl:299: 6  "{"
examples/arith.cl:300: 2  "("
examples/arith.cl:300: 3  "let"
examples/arith.cl:300: 7  Id<z>
examples/arith.cl:300: 9  ":"
examples/arith.cl:300:11  Type<A2I>
examples/arith.cl:300:15  "<-"
examples/arith.cl:300:18  "new"
examples/arith.cl:300:22  Type<A2I>
examples/arith.cl:300:26  "in"
examples/arith.cl:301: 5  "("
examples/arith.cl:301: 6  "let"
examples/arith.cl:301:10  Id<s>
examples/arith.cl:301:12  ":"
examples/arith.cl:301:14  Type<String>
examples/arith.cl:301:21  "<-"
examples/arith.cl:301:24  Id<prompt>
examples/arith.cl:301:30  "("
examples/arith.cl:301:31  ")"
examples/arith.cl:301:33  "in"
examples/arith.cl:302: 8  Id<z>
examples/arith.cl:302: 9  "."
examples/arith.cl:302:10  Id<a2i>
examples/arith.cl:302:13  "("
examples/arith.cl:302:14  Id<s>
examples/arith.cl:302:15  ")"
examples/arith.cl:303: 5  ")"
examples/arith.cl:304: 9  ")"
examples/arith.cl:304:10  ";"
examples/arith.cl:305: 6  "}"
examples/arith.cl:306: 3  "}"
examples/arith.cl:306: 4  ";"
examples/arith.cl:308: 3  Id<is_even>
examples/arith.cl:308:10  "("
examples/arith.cl:308:11  Id<num>
examples/arith.cl:308:15  ":"
examples/arith.cl:308:17  Type<Int>
examples/arith.cl:308:20  ")"
examples/arith.cl:308:22  ":"
examples/arith.cl:308:24  Type<Bool>
examples/arith.cl:308:29  "{"
examples/arith.cl:309: 6  "("
examples/arith.cl:309: 7  "let"
examples/arith.cl:309:11  Id<x>
examples/arith.cl:309:13  ":"
examples/arith.cl:309:15  Type<Int>
examples/arith.cl:309:19  "<-"
examples/arith.cl:309:22  Id<num>
examples/arith.cl:309:26  "in"
examples/arith.cl:310:12  "if"
examples/arith.cl:310:15  Id<x>
examples/arith.cl:310:17  "<"
examples/arith.cl:310:19  Int<0>
examples/arith.cl:310:21  "then"
examples/arith.cl:310:26  Id<is_even>
examples/arith.cl:310:33  "("
examples/arith.cl:310:34  "~"
examples/arith.cl:310:35  Id<x>
examples/arith.cl:310:36  ")"
examples/arith.cl:310:38  "else"
examples/arith.cl:311:12  "if"
examples/arith.cl:311:15  Int<0>
examples/arith.cl:311:17  "="
examples/arith.cl:311:19  Id<x>
examples/arith.cl:311:21  "then"
examples/arith.cl:311:26  Boolean<True>
examples/arith.cl:311:31  "else"
examples/arith.cl:312: 5  "if"
examples/arith.cl:312: 8  Int<1>
examples/arith.cl:312:10  "="
examples/arith.cl:312:12  Id<x>
examples/arith.cl:312:14  "then"
examples/arith.cl:312:19  Boolean<False>
examples/arith.cl:312:25  "else"
examples/arith.cl:313:11  Id<is_even>
examples/arith.cl:313:18  "("
examples/arith.cl:313:19  Id<x>
examples/arith.cl:313:21  "-"
examples/arith.cl:313:23  Int<2>
examples/arith.cl:313:24  ")"
examples/arith.cl:314: 5  "fi"
examples/arith.cl:314: 8  "fi"
examples/arith.cl:314:11  "fi"
examples/arith.cl:315: 6  ")"
examples/arith.cl:316: 3  "}"
examples/arith.cl:316: 4  ";"
examples/arith.cl:318: 3  Id<class_type>
examples/arith.cl:318:13  "("
examples/arith.cl:318:14  Id<var>
examples/arith.cl:318:18  ":"
examples/arith.cl:318:20  Type<A>
examples/arith.cl:318:21  ")"
examples/arith.cl:318:23  ":"
examples/arith.cl:318:25  Type<SELF_TYPE>
examples/arith.cl:318:35  "{"
examples/arith.cl:319: 6  "case"
examples/arith.cl:319:11  Id<var>
examples/arith.cl:319:15  "of"
examples/arith.cl:320: 2  Id<a>
examples/arith.cl:320: 4  ":"
examples/arith.cl:320: 6  Type<A>
examples/arith.cl:320: 8  "=>"
examples/arith.cl:320:11  Id<out_string>
examples/arith.cl:320:21  "("
examples/arith.cl:320:44  String<Class type is now A>
examples/arith.cl:320:45  ")"
examples/arith.cl:320:46  ";"
examples/arith.cl:321: 2  Id<b>
examples/arith.cl:321: 4  ":"
examples/arith.cl:321: 6  Type<B>
examples/arith.cl:321: 8  "=>"
examples/arith.cl:321:11  Id<out_string>
examples/arith.cl:321:21  "("
examples/arith.cl:321:44  String<Class type is now B>
examples/arith.cl:321:45  ")"
examples/arith.cl:321:46  ";"
examples/arith.cl:322: 2  Id<c>
examples/arith.cl:322: 4  ":"
examples/arith.cl:322: 6  Type<C>
examples/arith.cl:322: 8  "=>"
examples/arith.cl:322:11  Id<out_string>
examples/arith.cl:322:21  "("
examples/arith.cl:322:44  String<Class type is now C>
examples/arith.cl:322:45  ")"
examples/arith.cl:322:46  ";"
examples/arith.cl:323: 2  Id<d>
examples/arith.cl:323: 4  ":"
examples/arith.cl:323: 6  Type<D>
examples/arith.cl:323: 8  "=>"
examples/arith.cl:323:11  Id<out_string>
examples/arith.cl:323:21  "("
examples/arith.cl:323:44  String<Class type is now D>
examples/arith.cl:323:45  ")"
examples/arith.cl:323:46  ";"
examples/arith.cl:324: 2  Id<e>
examples/arith.cl:324: 4  ":"
examples/arith.cl:324: 6  Type<E>
examples/arith.cl:324: 8  "=>"
examples/arith.cl:324:11  Id<out_string>
examples/arith.cl:324:21  "("
examples/arith.cl:324:44  String<Class type is now E>
examples/arith.cl:324:45  ")"
examples/arith.cl:324:46  ";"
examples/arith.cl:325: 2  Id<o>
examples/arith.cl:325: 4  ":"
examples/arith.cl:325: 6  Type<Object>
examples/arith.cl:325:13  "=>"
examples/arith.cl:325:16  Id<out_string>
examples/arith.cl:325:26  "("
examples/arith.cl:325:36  String<Oooops>
examples/arith.cl:325:37  ")"
examples/arith.cl:325:38  ";"
examples/arith.cl:326: 6  "esac"
examples/arith.cl:327: 3  "}"
examples/arith.cl:327: 4  ";"
examples/arith.cl:329: 3  Id<print>
examples/arith.cl:329: 8  "("
examples/arith.cl:329: 9  Id<var>
examples/arith.cl:329:13  ":"
examples/arith.cl:329:15  Type<A>
examples/arith.cl:329:16  ")"
examples/arith.cl:329:18  ":"
examples/arith.cl:329:20  Type<SELF_TYPE>
examples/arith.cl:329:30  "{"
examples/arith.cl:330: 5  "("
examples/arith.cl:330: 6  "let"
examples/arith.cl:330:10  Id<z>
examples/arith.cl:330:12  ":"
examples/arith.cl:330:14  Type<A2I>
examples/arith.cl:330:18  "<-"
examples/arith.cl:330:21  "new"
examples/arith.cl:330:25  Type<A2I>
examples/arith.cl:330:29  "in"
examples/arith.cl:331: 1  "{"
examples/arith.cl:332: 4  Id<out_string>
examples/arith.cl:332:14  "("
examples/arith.cl:332:15  Id<z>
examples/arith.cl:332:16  "."
examples/arith.cl:332:17  Id<i2a>
examples/arith.cl:332:20  "("
examples/arith.cl:332:21  Id<var>
examples/arith.cl:332:24  "."
examples/arith.cl:332:25  Id<value>
examples/arith.cl:332:30  "("
examples/arith.cl:332:31  ")"
examples/arith.cl:332:32  ")"
examples/arith.cl:332:33  ")"
examples/arith.cl:332:34  ";"
examples/arith.cl:333: 4  Id<out_string>
examples/arith.cl:333:14  "("
examples/arith.cl:333:17  String< >
examples/arith.cl:333:18  ")"
examples/arith.cl:333:19  ";"
examples/arith.cl:334: 1  "}"
examples/arith.cl:335: 5  ")"
examples/arith.cl:336: 3  "}"
examples/arith.cl:336: 4  ";"
examples/arith.cl:338: 3  Id<main>
examples/arith.cl:338: 7  "("
examples/arith.cl:338: 8  ")"
examples/arith.cl:338:10  ":"
examples/arith.cl:338:12  Type<Object>
examples/arith.cl:338:19  "{"
examples/arith.cl:339: 6  "{"
examples/arith.cl:340: 9  Id<avar>
examples/arith.cl:340:14  "<-"
examples/arith.cl:340:17  "("
examples/arith.cl:340:18  "new"
examples/arith.cl:340:22  Type<A>
examples/arith.cl:340:23  ")"
examples/arith.cl:340:24  ";"
examples/arith.cl:341: 9  "while"
examples/arith.cl:341:15  Id<flag>
examples/arith.cl:341:20  "loop"
examples/arith.cl:342:12  "{"
examples/arith.cl:344: 8  Id<out_string>
examples/arith.cl:344:18  "("
examples/arith.cl:344:27  String<number >
examples/arith.cl:344:28  ")"
examples/arith.cl:344:29  ";"
examples/arith.cl:345: 8  Id<print>
examples/arith.cl:345:13  "("
examples/arith.cl:345:14  Id<avar>
examples/arith.cl:345:18  ")"
examples/arith.cl:345:19  ";"
examples/arith.cl:346: 8  "if"
examples/arith.cl:346:11  Id<is_even>
examples/arith.cl:346:18  "("
examples/arith.cl:346:19  Id<avar>
examples/arith.cl:346:23  "."
examples/arith.cl:346:24  Id<value>
examples/arith.cl:346:29  "("
examples/arith.cl:346:30  ")"
examples/arith.cl:346:31  ")"
examples/arith.cl:346:33  "then"
examples/arith.cl:347:11  Id<out_string>
examples/arith.cl:347:21  "("
examples/arith.cl:347:33  String<is even!>
examples/arith.cl:347:34  ")"
examples/arith.cl:348: 8  "else"
examples/arith.cl:349:11  Id<out_string>
examples/arith.cl:349:21  "("
examples/arith.cl:349:32  String<is odd!>
examples/arith.cl:349:33  ")"
examples/arith.cl:350: 8  "fi"
examples/arith.cl:350:10  ";"
examples/arith.cl:352: 8  Id<class_type>
examples/arith.cl:352:18  "("
examples/arith.cl:352:19  Id<avar>
examples/arith.cl:352:23  ")"
examples/arith.cl:352:24  ";"
examples/arith.cl:353: 8  Id<char>
examples/arith.cl:353:13  "<-"
examples/arith.cl:353:16  Id<menu>
examples/arith.cl:353:20  "("
examples/arith.cl:353:21  ")"
examples/arith.cl:353:22  ";"
examples/arith.cl:354:18  "if"
examples/arith.cl:354:21  Id<char>
examples/arith.cl:354:26  "="
examples/arith.cl:354:30  String<a>
examples/arith.cl:354:32  "then"
examples/arith.cl:355:21  "{"
examples/arith.cl:356:24  Id<a_var>
examples/arith.cl:356:30  "<-"
examples/arith.cl:356:33  "("
examples/arith.cl:356:34  "new"
examples/arith.cl:356:38  Type<A>
examples/arith.cl:356:39  ")"
examples/arith.cl:356:40  "."
examples/arith.cl:356:41  Id<set_var>
examples/arith.cl:356:48  "("
examples/arith.cl:356:49  Id<get_int>
examples/arith.cl:356:56  "("
examples/arith.cl:356:57  ")"
examples/arith.cl:356:58  ")"
examples/arith.cl:356:59  ";"
examples/arith.cl:357:17  Id<avar>
examples/arith.cl:357:22  "<-"
examples/arith.cl:357:25  "("
examples/arith.cl:357:26  "new"
examples/arith.cl:357:30  Type<B>
examples/arith.cl:357:31  ")"
examples/arith.cl:357:32  "."
examples/arith.cl:357:33  Id<method2>
examples/arith.cl:357:40  "("
examples/arith.cl:357:41  Id<avar>
examples/arith.cl:357:45  "."
examples/arith.cl:357:46  Id<value>
examples/arith.cl:357:51  "("
examples/arith.cl:357:52  ")"
examples/arith.cl:357:53  ","
examples/arith.cl:357:55  Id<a_var>
examples/arith.cl:357:60  "."
examples/arith.cl:357:61  Id<value>
examples/arith.cl:357:66  "("
examples/arith.cl:357:67  ")"
examples/arith.cl:357:68  ")"
examples/arith.cl:357:69  ";"
examples/arith.cl:358:14  "}"
examples/arith.cl:358:16  "else"
examples/arith.cl:359:18  "if"
examples/arith.cl:359:21  Id<char>
examples/arith.cl:359:26  "="
examples/arith.cl:359:30  String<b>
examples/arith.cl:359:32  "then"
examples/arith.cl:360:21  "case"
examples/arith.cl:360:26  Id<avar>
examples/arith.cl:360:31  "of"
examples/arith.cl:361:20  Id<c>
examples/arith.cl:361:22  ":"
examples/arith.cl:361:24  Type<C>
examples/arith.cl:361:26  "=>"
examples/arith.cl:361:29  Id<avar>
examples/arith.cl:361:34  "<-"
examples/arith.cl:361:37  Id<c>
examples/arith.cl:361:38  "."
examples/arith.cl:361:39  Id<method6>
examples/arith.cl:361:46  "("
examples/arith.cl:361:47  Id<c>
examples/arith.cl:361:48  "."
examples/arith.cl:361:49  Id<value>
examples/arith.cl:361:54  "("
examples/arith.cl:361:55  ")"
examples/arith.cl:361:56  ")"
examples/arith.cl:361:57  ";"
examples/arith.cl:362:20  Id<a>
examples/arith.cl:362:22  ":"
examples/arith.cl:362:24  Type<A>
examples/arith.cl:362:26  "=>"
examples/arith.cl:362:29  Id<avar>
examples/arith.cl:362:34  "<-"
examples/arith.cl:362:37  Id<a>
examples/arith.cl:362:38  "."
examples/arith.cl:362:39  Id<method3>
examples/arith.cl:362:46  "("
examples/arith.cl:362:47  Id<a>
examples/arith.cl:362:48  "."
examples/arith.cl:362:49  Id<value>
examples/arith.cl:362:54  "("
examples/arith.cl:362:55  ")"
examples/arith.cl:362:56  ")"
examples/arith.cl:362:57  ";"
examples/arith.cl:363:20  Id<o>
examples/arith.cl:363:22  ":"
examples/arith.cl:363:24  Type<Object>
examples/arith.cl:363:31  "=>"
examples/arith.cl:363:34  "{"
examples/arith.cl:364:20  Id<out_string>
examples/arith.cl:364:30  "("
examples/arith.cl:364:40  String<Oooops>
examples/arith.cl:364:41  ")"
examples/arith.cl:364:42  ";"
examples/arith.cl:365:20  Id<abort>
examples/arith.cl:365:25  "("
examples/arith.cl:365:26  ")"
examples/arith.cl:365:27  ";"
examples/arith.cl:365:29  Int<0>
examples/arith.cl:365:30  ";"
examples/arith.cl:366:17  "}"
examples/arith.cl:366:18  ";"
examples/arith.cl:367:21  "esac"
examples/arith.cl:367:26  "else"
examples/arith.cl:368:18  "if"
examples/arith.cl:368:21  Id<char>
examples/arith.cl:368:26  "="
examples/arith.cl:368:30  String<c>
examples/arith.cl:368:32  "then"
examples/arith.cl:369:21  "{"
examples/arith.cl:370:24  Id<a_var>
examples/arith.cl:370:30  "<-"
examples/arith.cl:370:33  "("
examples/arith.cl:370:34  "new"
examples/arith.cl:370:38  Type<A>
examples/arith.cl:370:39  ")"
examples/arith.cl:370:40  "."
examples/arith.cl:370:41  Id<set_var>
examples/arith.cl:370:48  "("
examples/arith.cl:370:49  Id<get_int>
examples/arith.cl:370:56  "("
examples/arith.cl:370:57  ")"
examples/arith.cl:370:58  ")"
examples/arith.cl:370:59  ";"
examples/arith.cl:371:17  Id<avar>
examples/arith.cl:371:22  "<-"
examples/arith.cl:371:25  "("
examples/arith.cl:371:26  "new"
examples/arith.cl:371:30  Type<D>
examples/arith.cl:371:31  ")"
examples/arith.cl:371:32  "."
examples/arith.cl:371:33  Id<method4>
examples/arith.cl:371:40  "("
examples/arith.cl:371:41  Id<avar>
examples/arith.cl:371:45  "."
examples/arith.cl:371:46  Id<value>
examples/arith.cl:371:51  "("
examples/arith.cl:371:52  ")"
examples/arith.cl:371:53  ","
examples/arith.cl:371:55  Id<a_var>
examples/arith.cl:371:60  "."
examples/arith.cl:371:61  Id<value>
examples/arith.cl:371:66  "("
examples/arith.cl:371:67  ")"
examples/arith.cl:371:68  ")"
examples/arith.cl:371:69  ";"
examples/arith.cl:372:14  "}"
examples/arith.cl:372:16  "else"
examples/arith.cl:373:18  "if"
examples/arith.cl:373:21  Id<char>
examples/arith.cl:373:26  "="
examples/arith.cl:373:30  String<d>
examples/arith.cl:373:32  "then"
examples/arith.cl:373:37  Id<avar>
examples/arith.cl:373:42  "<-"
examples/arith.cl:373:45  "("
examples/arith.cl:373:46  "new"
examples/arith.cl:373:50  Type<C>
examples/arith.cl:373:51  ")"
examples/arith.cl:373:52  "@"
examples/arith.cl:373:53  Type<A>
examples/arith.cl:373:54  "."
examples/arith.cl:373:55  Id<method5>
examples/arith.cl:373:62  "("
examples/arith.cl:373:63  Id<avar>
examples/arith.cl:373:67  "."
examples/arith.cl:373:68  Id<value>
examples/arith.cl:373:73  "("
examples/arith.cl:373:74  ")"
examples/arith.cl:373:75  ")"
examples/arith.cl:373:77  "else"
examples/arith.cl:375:18  "if"
examples/arith.cl:375:21  Id<char>
examples/arith.cl:375:26  "="
examples/arith.cl:375:30  String<e>
examples/arith.cl:375:32  "then"
examples/arith.cl:375:37  Id<avar>
examples/arith.cl:375:42  "<-"
examples/arith.cl:375:45  "("
examples/arith.cl:375:46  "new"
examples/arith.cl:375:50  Type<C>
examples/arith.cl:375:51  ")"
examples/arith.cl:375:52  "@"
examples/arith.cl:375:53  Type<B>
examples/arith.cl:375:54  "."
examples/arith.cl:375:55  Id<method5>
examples/arith.cl:375:62  "("
examples/arith.cl:375:63  Id<avar>
examples/arith.cl:375:67  "."
examples/arith.cl:375:68  Id<value>
examples/arith.cl:375:73  "("
examples/arith.cl:375:74  ")"
examples/arith.cl:375:75  ")"
examples/arith.cl:375:77  "else"
examples/arith.cl:377:18  "if"
examples/arith.cl:377:21  Id<char>
examples/arith.cl:377:26  "="
examples/arith.cl:377:30  String<f>
examples/arith.cl:377:32  "then"
examples/arith.cl:377:37  Id<avar>
examples/arith.cl:377:42  "<-"
examples/arith.cl:377:45  "("
examples/arith.cl:377:46  "new"
examples/arith.cl:377:50  Type<C>
examples/arith.cl:377:51  ")"
examples/arith.cl:377:52  "@"
examples/arith.cl:377:53  Type<C>
examples/arith.cl:377:54  "."
examples/arith.cl:377:55  Id<method5>
examples/arith.cl:377:62  "("
examples/arith.cl:377:63  Id<avar>
examples/arith.cl:377:67  "."
examples/arith.cl:377:68  Id<value>
examples/arith.cl:377:73  "("
examples/arith.cl:377:74  ")"
examples/arith.cl:377:75  ")"
examples/arith.cl:377:77  "else"
examples/arith.cl:379:18  "if"
examples/arith.cl:379:21  Id<char>
examples/arith.cl:379:26  "="
examples/arith.cl:379:30  String<g>
examples/arith.cl:379:32  "then"
examples/arith.cl:380: 8  "if"
examples/arith.cl:380:11  "("
examples/arith.cl:380:12  "("
examples/arith.cl:380:13  "new"
examples/arith.cl:380:17  Type<D>
examples/arith.cl:380:18  ")"
examples/arith.cl:380:19  "."
examples/arith.cl:380:20  Id<method7>
examples/arith.cl:380:27  "("
examples/arith.cl:380:28  Id<avar>
examples/arith.cl:380:32  "."
examples/arith.cl:380:33  Id<value>
examples/arith.cl:380:38  "("
examples/arith.cl:380:39  ")"
examples/arith.cl:380:40  ")"
examples/arith.cl:380:41  ")"
examples/arith.cl:381:25  "then"
examples/arith.cl:382: 4  "{"
examples/arith.cl:383:21  Id<out_string>
examples/arith.cl:383:31  "("
examples/arith.cl:383:40  String<number >
examples/arith.cl:383:41  ")"
examples/arith.cl:383:42  ";"
examples/arith.cl:384:21  Id<print>
examples/arith.cl:384:26  "("
examples/arith.cl:384:27  Id<avar>
examples/arith.cl:384:31  ")"
examples/arith.cl:384:32  ";"
examples/arith.cl:385:21  Id<out_string>
examples/arith.cl:385:31  "("
examples/arith.cl:385:53  String<is divisible by 3.>
examples/arith.cl:385:54  ")"
examples/arith.cl:385:55  ";"
examples/arith.cl:386: 4  "}"
examples/arith.cl:387: 4  "else"
examples/arith.cl:388: 4  "{"
examples/arith.cl:389:21  Id<out_string>
examples/arith.cl:389:31  "("
examples/arith.cl:389:40  String<number >
examples/arith.cl:389:41  ")"
examples/arith.cl:389:42  ";"
examples/arith.cl:390:21  Id<print>
examples/arith.cl:390:26  "("
examples/arith.cl:390:27  Id<avar>
examples/arith.cl:390:31  ")"
examples/arith.cl:390:32  ";"
examples/arith.cl:391:21  Id<out_string>
examples/arith.cl:391:31  "("
examples/arith.cl:391:57  String<is not divisible by >
examples/arith.cl:391:58  ")"
examples/arith.cl:391:59  ";"
examples/arith.cl:392: 4  "}"
examples/arith.cl:393: 8  "fi"
examples/arith.cl:393:11  "else"
examples/arith.cl:394:18  "if"
examples/arith.cl:394:21  Id<char>
examples/arith.cl:394:26  "="
examples/arith.cl:394:30  String<h>
examples/arith.cl:394:32  "then"
examples/arith.cl:395: 8  "("
examples/arith.cl:395: 9  "let"
examples/arith.cl:395:13  Id<x>
examples/arith.cl:395:15  ":"
examples/arith.cl:395:17  Type<A>
examples/arith.cl:395:19  "in"
examples/arith.cl:396: 4  "{"
examples/arith.cl:397:14  Id<x>
examples/arith.cl:397:16  "<-"
examples/arith.cl:397:19  "("
examples/arith.cl:397:20  "new"
examples/arith.cl:397:24  Type<E>
examples/arith.cl:397:25  ")"
examples/arith.cl:397:26  "."
examples/arith.cl:397:27  Id<method6>
examples/arith.cl:397:34  "("
examples/arith.cl:397:35  Id<avar>
examples/arith.cl:397:39  "."
examples/arith.cl:397:40  Id<value>
examples/arith.cl:397:45  "("
examples/arith.cl:397:46  ")"
examples/arith.cl:397:47  ")"
examples/arith.cl:397:48  ";"
examples/arith.cl:398: 7  "("
examples/arith.cl:398: 8  "let"
examples/arith.cl:398:12  Id<r>
examples/arith.cl:398:14  ":"
examples/arith.cl:398:16  Type<Int>
examples/arith.cl:398:20  "<-"
examples/arith.cl:398:23  "("
examples/arith.cl:398:24  Id<avar>
examples/arith.cl:398:28  "."
examples/arith.cl:398:29  Id<value>
examples/arith.cl:398:34  "("
examples/arith.cl:398:35  ")"
examples/arith.cl:398:37  "-"
examples/arith.cl:398:39  "("
examples/arith.cl:398:40  Id<x>
examples/arith.cl:398:41  "."
examples/arith.cl:398:42  Id<value>
examples/arith.cl:398:47  "("
examples/arith.cl:398:48  ")"
examples/arith.cl:398:50  "*"
examples/arith.cl:398:52  Int<8>
examples/arith.cl:398:53  ")"
examples/arith.cl:398:54  ")"
examples/arith.cl:398:56  "in"
examples/arith.cl:399:10  "{"
examples/arith.cl:400:13  Id<out_string>
examples/arith.cl:400:23  "("
examples/arith.cl:400:32  String<number >
examples/arith.cl:400:33  ")"
examples/arith.cl:400:34  ";"
examples/arith.cl:401:13  Id<print>
examples/arith.cl:401:18  "("
examples/arith.cl:401:19  Id<avar>
examples/arith.cl:401:23  ")"
examples/arith.cl:401:24  ";"
examples/arith.cl:402:13  Id<out_string>
examples/arith.cl:402:23  "("
examples/arith.cl:402:37  String<is equal to >
examples/arith.cl:402:38  ")"
examples/arith.cl:402:39  ";"
examples/arith.cl:403:13  Id<print>
examples/arith.cl:403:18  "("
examples/arith.cl:403:19  Id<x>
examples/arith.cl:403:20  ")"
examples/arith.cl:403:21  ";"
examples/arith.cl:404:13  Id<out_string>
examples/arith.cl:404:23  "("
examples/arith.cl:404:53  String<times 8 with a remai>
examples/arith.cl:404:54  ")"
examples/arith.cl:404:55  ";"
examples/arith.cl:405: 6  "("
examples/arith.cl:405: 7  "let"
examples/arith.cl:405:11  Id<a>
examples/arith.cl:405:13  ":"
examples/arith.cl:405:15  Type<A2I>
examples/arith.cl:405:19  "<-"
examples/arith.cl:405:22  "new"
examples/arith.cl:405:26  Type<A2I>
examples/arith.cl:405:30  "in"
examples/arith.cl:406: 9  "{"
examples/arith.cl:407:19  Id<out_string>
examples/arith.cl:407:29  "("
examples/arith.cl:407:30  Id<a>
examples/arith.cl:407:31  "."
examples/arith.cl:407:32  Id<i2a>
examples/arith.cl:407:35  "("
examples/arith.cl:407:36  Id<r>
examples/arith.cl:407:37  ")"
examples/arith.cl:407:38  ")"
examples/arith.cl:407:39  ";"
examples/arith.cl:408:19  Id<out_string>
examples/arith.cl:408:29  "("
examples/arith.cl:408:33  String<>
examples/arith.cl:408:34  ")"
examples/arith.cl:408:35  ";"
examples/arith.cl:409: 9  "}"
examples/arith.cl:410: 6  ")"
examples/arith.cl:410: 7  ";"
examples/arith.cl:411:10  "}"
examples/arith.cl:412:28  ")"
examples/arith.cl:412:29  ";"
examples/arith.cl:413: 7  Id<avar>
examples/arith.cl:413:12  "<-"
examples/arith.cl:413:15  Id<x>
examples/arith.cl:413:16  ";"
examples/arith.cl:414:11  "}"
examples/arith.cl:415: 8  ")"
examples/arith.cl:416: 8  "else"
examples/arith.cl:417:18  "if"
examples/arith.cl:417:21  Id<char>
examples/arith.cl:417:26  "="
examples/arith.cl:417:30  String<j>
examples/arith.cl:417:32  "then"
examples/arith.cl:417:37  Id<avar>
examples/arith.cl:417:42  "<-"
examples/arith.cl:417:45  "("
examples/arith.cl:417:46  "new"
examples/arith.cl:417:50  Type<A>
examples/arith.cl:417:51  ")"
examples/arith.cl:418: 8  "else"
examples/arith.cl:419:18  "if"
examples/arith.cl:419:21  Id<char>
examples/arith.cl:419:26  "="
examples/arith.cl:419:30  String<q>
examples/arith.cl:419:32  "then"
examples/arith.cl:419:37  Id<flag>
examples/arith.cl:419:42  "<-"
examples/arith.cl:419:45  Boolean<False>
examples/arith.cl:420: 8  "else"
examples/arith.cl:421:22  Id<avar>
examples/arith.cl:421:27  "<-"
examples/arith.cl:421:30  "("
examples/arith.cl:421:31  "new"
examples/arith.cl:421:35  Type<A>
examples/arith.cl:421:36  ")"
examples/arith.cl:421:37  "."
examples/arith.cl:421:38  Id<method1>
examples/arith.cl:421:45  "("
examples/arith.cl:421:46  Id<avar>
examples/arith.cl:421:50  "."
examples/arith.cl:421:51  Id<value>
examples/arith.cl:421:56  "("
examples/arith.cl:421:57  ")"
examples/arith.cl:421:58  ")"
examples/arith.cl:422:18  "fi"
examples/arith.cl:422:21  "fi"
examples/arith.cl:422:24  "fi"
examples/arith.cl:422:27  "fi"
examples/arith.cl:422:30  "fi"
examples/arith.cl:422:33  "fi"
examples/arith.cl:422:36  "fi"
examples/arith.cl:422:39  "fi"
examples/arith.cl:422:42  "fi"
examples/arith.cl:422:45  "fi"
examples/arith.cl:422:47  ";"
examples/arith.cl:423:12  "}"
examples/arith.cl:424: 9  "pool"
examples/arith.cl:424:13  ";"
examples/arith.cl:425: 7  "}"
examples/arith.cl:426: 3  "}"
examples/arith.cl:426: 4  ";"
examples/arith.cl:428: 0  "}"
examples/arith.cl:428: 1  ";"
